2025-08-27 17:58:07 - INFO - Training with args: checkpoint_dir: checkpoints_v2
2025-08-27 17:58:07 - INFO - Training with args: resume_from: None
2025-08-27 17:58:07 - INFO - Training with args: model_name: answerdotai/ModernBERT-base
2025-08-27 17:58:07 - INFO - Training with args: tokenizer_name: ricardoz/BERTugues-base-portuguese-cased
2025-08-27 17:58:07 - INFO - Training with args: dataset_name: Itau-Unibanco/aroeira
2025-08-27 17:58:07 - INFO - Training with args: optimizer: adamw
2025-08-27 17:58:07 - INFO - Training with args: train_part: pt1
2025-08-27 17:58:07 - INFO - Training with args: rope_theta: 10000.0
2025-08-27 17:58:07 - INFO - Training with args: warmup_pct: 0.05
2025-08-27 17:58:07 - INFO - Training with args: decay_type: cosine
2025-08-27 17:58:07 - INFO - Training with args: decay_pct: 0.9
2025-08-27 17:58:07 - INFO - Training with args: min_lr: 1e-08
2025-08-27 17:58:07 - INFO - Training with args: epochs: 2
2025-08-27 17:58:07 - INFO - Training with args: total_samples: 34841241
2025-08-27 17:58:07 - INFO - Training with args: max_length: 1024
2025-08-27 17:58:07 - INFO - Training with args: batch_size: 16
2025-08-27 17:58:07 - INFO - Training with args: mlm_probability: 0.15
2025-08-27 17:58:07 - INFO - Training with args: mask_replace_prob: 1.0
2025-08-27 17:58:07 - INFO - Training with args: random_replace_prob: 0.0
2025-08-27 17:58:07 - INFO - Training with args: grad_accum: 72
2025-08-27 17:58:07 - INFO - Training with args: lr: 0.0008
2025-08-27 17:58:07 - INFO - Training with args: save_every: 100000
2025-08-27 17:58:07 - INFO - Training with args: log_every: 200
2025-08-27 17:58:07 - INFO - Training with args: log_dir: logs
2025-08-27 17:58:07 - INFO - Loading Config from checkpoints_v2/ckpt-299999 with rope_theta=10000.0
2025-08-27 17:58:07 - INFO - Resuming from checkpoint: checkpoints_v2/ckpt-299999
2025-08-27 17:58:09 - INFO - Initializing Data Loader
2025-08-27 17:58:12 - INFO - Getting data from 0th sentence to 30000000th
2025-08-27 17:58:12 - INFO - Starting training from step 299999
2025-08-27 17:58:12 - INFO - Initializing model with Accelerator
2025-08-27 17:58:13 - INFO - Initializing training
2025-08-27 17:58:13 - INFO - Dataset samples for training: 30000000
2025-08-27 17:58:13 - INFO - No. GPUs: 4
2025-08-27 17:58:13 - INFO - Batch Size per GPU: 16
2025-08-27 17:58:13 - INFO - Steps in dataset: 468750
2025-08-27 17:58:13 - INFO - Epochs: 2
2025-08-27 17:58:13 - INFO - Total Steps: 937500
2025-08-27 17:58:13 - INFO - Resuming from global step 299999
2025-08-28 05:42:53 - INFO - Epoch 1 - Step 300000/937500 (32.0 %) - Loss: 0.01337 - LR: 6.52e-04 - Time: 11h 44m 39s
2025-08-28 05:44:35 - INFO - Epoch 1 - Step 300200/937500 (32.02 %) - Loss: 0.01291 - LR: 6.51e-04 - Time: 11h 46m 21s
2025-08-28 05:46:15 - INFO - Epoch 1 - Step 300400/937500 (32.04 %) - Loss: 0.01420 - LR: 6.51e-04 - Time: 11h 48m 2s
2025-08-28 05:47:55 - INFO - Epoch 1 - Step 300600/937500 (32.06 %) - Loss: 0.01435 - LR: 6.51e-04 - Time: 11h 49m 42s
2025-08-28 05:49:36 - INFO - Epoch 1 - Step 300800/937500 (32.09 %) - Loss: 0.01030 - LR: 6.51e-04 - Time: 11h 51m 22s
2025-08-28 05:51:17 - INFO - Epoch 1 - Step 301000/937500 (32.11 %) - Loss: 0.01087 - LR: 6.51e-04 - Time: 11h 53m 3s
2025-08-28 05:52:57 - INFO - Epoch 1 - Step 301200/937500 (32.13 %) - Loss: 0.01245 - LR: 6.50e-04 - Time: 11h 54m 44s
2025-08-28 05:54:37 - INFO - Epoch 1 - Step 301400/937500 (32.15 %) - Loss: 0.01375 - LR: 6.50e-04 - Time: 11h 56m 24s
2025-08-28 05:56:16 - INFO - Epoch 1 - Step 301600/937500 (32.17 %) - Loss: 0.01232 - LR: 6.50e-04 - Time: 11h 58m 3s
2025-08-28 05:57:56 - INFO - Epoch 1 - Step 301800/937500 (32.19 %) - Loss: 0.01414 - LR: 6.50e-04 - Time: 11h 59m 43s
2025-08-28 05:59:36 - INFO - Epoch 1 - Step 302000/937500 (32.21 %) - Loss: 0.01598 - LR: 6.49e-04 - Time: 12h 1m 23s
2025-08-28 06:01:16 - INFO - Epoch 1 - Step 302200/937500 (32.23 %) - Loss: 0.01003 - LR: 6.49e-04 - Time: 12h 3m 3s
2025-08-28 06:02:56 - INFO - Epoch 1 - Step 302400/937500 (32.26 %) - Loss: 0.01252 - LR: 6.49e-04 - Time: 12h 4m 43s
2025-08-28 06:04:35 - INFO - Epoch 1 - Step 302600/937500 (32.28 %) - Loss: 0.00994 - LR: 6.49e-04 - Time: 12h 6m 22s
2025-08-28 06:06:16 - INFO - Epoch 1 - Step 302800/937500 (32.3 %) - Loss: 0.01333 - LR: 6.49e-04 - Time: 12h 8m 3s
2025-08-28 06:07:56 - INFO - Epoch 1 - Step 303000/937500 (32.32 %) - Loss: 0.00969 - LR: 6.48e-04 - Time: 12h 9m 43s
2025-08-28 06:09:36 - INFO - Epoch 1 - Step 303200/937500 (32.34 %) - Loss: 0.01591 - LR: 6.48e-04 - Time: 12h 11m 23s
2025-08-28 06:11:15 - INFO - Epoch 1 - Step 303400/937500 (32.36 %) - Loss: 0.01095 - LR: 6.48e-04 - Time: 12h 13m 2s
2025-08-28 06:12:56 - INFO - Epoch 1 - Step 303600/937500 (32.38 %) - Loss: 0.01183 - LR: 6.48e-04 - Time: 12h 14m 43s
2025-08-28 06:14:36 - INFO - Epoch 1 - Step 303800/937500 (32.41 %) - Loss: 0.01208 - LR: 6.47e-04 - Time: 12h 16m 23s
2025-08-28 06:16:16 - INFO - Epoch 1 - Step 304000/937500 (32.43 %) - Loss: 0.01308 - LR: 6.47e-04 - Time: 12h 18m 2s
2025-08-28 06:17:56 - INFO - Epoch 1 - Step 304200/937500 (32.45 %) - Loss: 0.01181 - LR: 6.47e-04 - Time: 12h 19m 43s
2025-08-28 06:19:36 - INFO - Epoch 1 - Step 304400/937500 (32.47 %) - Loss: 0.01666 - LR: 6.47e-04 - Time: 12h 21m 23s
2025-08-28 06:21:16 - INFO - Epoch 1 - Step 304600/937500 (32.49 %) - Loss: 0.01087 - LR: 6.47e-04 - Time: 12h 23m 3s
2025-08-28 06:22:55 - INFO - Epoch 1 - Step 304800/937500 (32.51 %) - Loss: 0.01050 - LR: 6.46e-04 - Time: 12h 24m 42s
2025-08-28 06:24:34 - INFO - Epoch 1 - Step 305000/937500 (32.53 %) - Loss: 0.01201 - LR: 6.46e-04 - Time: 12h 26m 21s
2025-08-28 06:26:14 - INFO - Epoch 1 - Step 305200/937500 (32.55 %) - Loss: 0.01173 - LR: 6.46e-04 - Time: 12h 28m 1s
2025-08-28 06:27:53 - INFO - Epoch 1 - Step 305400/937500 (32.58 %) - Loss: 0.01298 - LR: 6.46e-04 - Time: 12h 29m 40s
2025-08-28 06:29:32 - INFO - Epoch 1 - Step 305600/937500 (32.6 %) - Loss: 0.01382 - LR: 6.45e-04 - Time: 12h 31m 18s
2025-08-28 06:31:11 - INFO - Epoch 1 - Step 305800/937500 (32.62 %) - Loss: 0.01110 - LR: 6.45e-04 - Time: 12h 32m 58s
2025-08-28 06:32:51 - INFO - Epoch 1 - Step 306000/937500 (32.64 %) - Loss: 0.01357 - LR: 6.45e-04 - Time: 12h 34m 38s
2025-08-28 06:34:30 - INFO - Epoch 1 - Step 306200/937500 (32.66 %) - Loss: 0.01133 - LR: 6.45e-04 - Time: 12h 36m 17s
2025-08-28 06:36:09 - INFO - Epoch 1 - Step 306400/937500 (32.68 %) - Loss: 0.01459 - LR: 6.45e-04 - Time: 12h 37m 56s
2025-08-28 06:37:48 - INFO - Epoch 1 - Step 306600/937500 (32.7 %) - Loss: 0.01259 - LR: 6.44e-04 - Time: 12h 39m 34s
2025-08-28 06:39:28 - INFO - Epoch 1 - Step 306800/937500 (32.73 %) - Loss: 0.01000 - LR: 6.44e-04 - Time: 12h 41m 14s
2025-08-28 06:41:08 - INFO - Epoch 1 - Step 307000/937500 (32.75 %) - Loss: 0.01039 - LR: 6.44e-04 - Time: 12h 42m 54s
2025-08-28 06:42:47 - INFO - Epoch 1 - Step 307200/937500 (32.77 %) - Loss: 0.01291 - LR: 6.44e-04 - Time: 12h 44m 33s
2025-08-28 06:44:25 - INFO - Epoch 1 - Step 307400/937500 (32.79 %) - Loss: 0.01197 - LR: 6.43e-04 - Time: 12h 46m 12s
2025-08-28 06:46:05 - INFO - Epoch 1 - Step 307600/937500 (32.81 %) - Loss: 0.01428 - LR: 6.43e-04 - Time: 12h 47m 52s
2025-08-28 06:47:46 - INFO - Epoch 1 - Step 307800/937500 (32.83 %) - Loss: 0.01036 - LR: 6.43e-04 - Time: 12h 49m 33s
2025-08-28 06:49:26 - INFO - Epoch 1 - Step 308000/937500 (32.85 %) - Loss: 0.01276 - LR: 6.43e-04 - Time: 12h 51m 13s
2025-08-28 06:51:05 - INFO - Epoch 1 - Step 308200/937500 (32.87 %) - Loss: 0.01094 - LR: 6.43e-04 - Time: 12h 52m 52s
2025-08-28 06:52:44 - INFO - Epoch 1 - Step 308400/937500 (32.9 %) - Loss: 0.00990 - LR: 6.42e-04 - Time: 12h 54m 31s
2025-08-28 06:54:24 - INFO - Epoch 1 - Step 308600/937500 (32.92 %) - Loss: 0.01181 - LR: 6.42e-04 - Time: 12h 56m 11s
2025-08-28 06:56:03 - INFO - Epoch 1 - Step 308800/937500 (32.94 %) - Loss: 0.00931 - LR: 6.42e-04 - Time: 12h 57m 50s
2025-08-28 06:57:43 - INFO - Epoch 1 - Step 309000/937500 (32.96 %) - Loss: 0.01155 - LR: 6.42e-04 - Time: 12h 59m 30s
2025-08-28 06:59:23 - INFO - Epoch 1 - Step 309200/937500 (32.98 %) - Loss: 0.00895 - LR: 6.42e-04 - Time: 13h 1m 10s
2025-08-28 07:01:03 - INFO - Epoch 1 - Step 309400/937500 (33.0 %) - Loss: 0.01226 - LR: 6.41e-04 - Time: 13h 2m 50s
2025-08-28 07:02:42 - INFO - Epoch 1 - Step 309600/937500 (33.02 %) - Loss: 0.01140 - LR: 6.41e-04 - Time: 13h 4m 29s
2025-08-28 07:04:21 - INFO - Epoch 1 - Step 309800/937500 (33.05 %) - Loss: 0.01134 - LR: 6.41e-04 - Time: 13h 6m 8s
2025-08-28 07:05:59 - INFO - Epoch 1 - Step 310000/937500 (33.07 %) - Loss: 0.01563 - LR: 6.41e-04 - Time: 13h 7m 46s
2025-08-28 07:07:37 - INFO - Epoch 1 - Step 310200/937500 (33.09 %) - Loss: 0.01230 - LR: 6.40e-04 - Time: 13h 9m 23s
2025-08-28 07:09:15 - INFO - Epoch 1 - Step 310400/937500 (33.11 %) - Loss: 0.01209 - LR: 6.40e-04 - Time: 13h 11m 1s
2025-08-28 07:10:53 - INFO - Epoch 1 - Step 310600/937500 (33.13 %) - Loss: 0.01087 - LR: 6.40e-04 - Time: 13h 12m 39s
2025-08-28 07:12:31 - INFO - Epoch 1 - Step 310800/937500 (33.15 %) - Loss: 0.00959 - LR: 6.40e-04 - Time: 13h 14m 18s
2025-08-28 07:14:09 - INFO - Epoch 1 - Step 311000/937500 (33.17 %) - Loss: 0.00792 - LR: 6.40e-04 - Time: 13h 15m 56s
2025-08-28 07:15:48 - INFO - Epoch 1 - Step 311200/937500 (33.19 %) - Loss: 0.01662 - LR: 6.39e-04 - Time: 13h 17m 35s
2025-08-28 07:17:27 - INFO - Epoch 1 - Step 311400/937500 (33.22 %) - Loss: 0.01259 - LR: 6.39e-04 - Time: 13h 19m 14s
2025-08-28 07:19:05 - INFO - Epoch 1 - Step 311600/937500 (33.24 %) - Loss: 0.01813 - LR: 6.39e-04 - Time: 13h 20m 52s
2025-08-28 07:20:43 - INFO - Epoch 1 - Step 311800/937500 (33.26 %) - Loss: 0.01202 - LR: 6.39e-04 - Time: 13h 22m 30s
2025-08-28 07:22:21 - INFO - Epoch 1 - Step 312000/937500 (33.28 %) - Loss: 0.01166 - LR: 6.38e-04 - Time: 13h 24m 8s
2025-08-28 07:23:59 - INFO - Epoch 1 - Step 312200/937500 (33.3 %) - Loss: 0.01119 - LR: 6.38e-04 - Time: 13h 25m 45s
2025-08-28 07:25:37 - INFO - Epoch 1 - Step 312400/937500 (33.32 %) - Loss: 0.01260 - LR: 6.38e-04 - Time: 13h 27m 23s
2025-08-28 07:27:15 - INFO - Epoch 1 - Step 312600/937500 (33.34 %) - Loss: 0.01394 - LR: 6.38e-04 - Time: 13h 29m 2s
2025-08-28 07:28:54 - INFO - Epoch 1 - Step 312800/937500 (33.37 %) - Loss: 0.01019 - LR: 6.37e-04 - Time: 13h 30m 40s
2025-08-28 07:30:33 - INFO - Epoch 1 - Step 313000/937500 (33.39 %) - Loss: 0.01244 - LR: 6.37e-04 - Time: 13h 32m 20s
2025-08-28 07:32:11 - INFO - Epoch 1 - Step 313200/937500 (33.41 %) - Loss: 0.01033 - LR: 6.37e-04 - Time: 13h 33m 58s
2025-08-28 07:33:49 - INFO - Epoch 1 - Step 313400/937500 (33.43 %) - Loss: 0.01195 - LR: 6.37e-04 - Time: 13h 35m 36s
2025-08-28 07:35:27 - INFO - Epoch 1 - Step 313600/937500 (33.45 %) - Loss: 0.01210 - LR: 6.37e-04 - Time: 13h 37m 14s
2025-08-28 07:37:05 - INFO - Epoch 1 - Step 313800/937500 (33.47 %) - Loss: 0.01004 - LR: 6.36e-04 - Time: 13h 38m 52s
2025-08-28 07:38:43 - INFO - Epoch 1 - Step 314000/937500 (33.49 %) - Loss: 0.01235 - LR: 6.36e-04 - Time: 13h 40m 30s
2025-08-28 07:40:22 - INFO - Epoch 1 - Step 314200/937500 (33.51 %) - Loss: 0.00912 - LR: 6.36e-04 - Time: 13h 42m 8s
2025-08-28 07:41:59 - INFO - Epoch 1 - Step 314400/937500 (33.54 %) - Loss: 0.01204 - LR: 6.36e-04 - Time: 13h 43m 46s
2025-08-28 07:43:37 - INFO - Epoch 1 - Step 314600/937500 (33.56 %) - Loss: 0.01024 - LR: 6.35e-04 - Time: 13h 45m 24s
2025-08-28 07:45:15 - INFO - Epoch 1 - Step 314800/937500 (33.58 %) - Loss: 0.01055 - LR: 6.35e-04 - Time: 13h 47m 2s
2025-08-28 07:46:53 - INFO - Epoch 1 - Step 315000/937500 (33.6 %) - Loss: 0.00897 - LR: 6.35e-04 - Time: 13h 48m 40s
2025-08-28 07:48:31 - INFO - Epoch 1 - Step 315200/937500 (33.62 %) - Loss: 0.01258 - LR: 6.35e-04 - Time: 13h 50m 17s
2025-08-28 07:50:10 - INFO - Epoch 1 - Step 315400/937500 (33.64 %) - Loss: 0.01072 - LR: 6.35e-04 - Time: 13h 51m 56s
2025-08-28 07:51:47 - INFO - Epoch 1 - Step 315600/937500 (33.66 %) - Loss: 0.00848 - LR: 6.34e-04 - Time: 13h 53m 34s
2025-08-28 07:53:25 - INFO - Epoch 1 - Step 315800/937500 (33.69 %) - Loss: 0.01171 - LR: 6.34e-04 - Time: 13h 55m 12s
2025-08-28 07:55:03 - INFO - Epoch 1 - Step 316000/937500 (33.71 %) - Loss: 0.01275 - LR: 6.34e-04 - Time: 13h 56m 49s
2025-08-28 07:56:40 - INFO - Epoch 1 - Step 316200/937500 (33.73 %) - Loss: 0.01205 - LR: 6.34e-04 - Time: 13h 58m 27s
2025-08-28 07:58:18 - INFO - Epoch 1 - Step 316400/937500 (33.75 %) - Loss: 0.01115 - LR: 6.33e-04 - Time: 14h 0m 5s
2025-08-28 07:59:56 - INFO - Epoch 1 - Step 316600/937500 (33.77 %) - Loss: 0.01292 - LR: 6.33e-04 - Time: 14h 1m 43s
2025-08-28 08:01:34 - INFO - Epoch 1 - Step 316800/937500 (33.79 %) - Loss: 0.00971 - LR: 6.33e-04 - Time: 14h 3m 20s
2025-08-28 08:03:11 - INFO - Epoch 1 - Step 317000/937500 (33.81 %) - Loss: 0.01258 - LR: 6.33e-04 - Time: 14h 4m 57s
2025-08-28 08:04:48 - INFO - Epoch 1 - Step 317200/937500 (33.83 %) - Loss: 0.01302 - LR: 6.33e-04 - Time: 14h 6m 34s
2025-08-28 08:06:25 - INFO - Epoch 1 - Step 317400/937500 (33.86 %) - Loss: 0.01242 - LR: 6.32e-04 - Time: 14h 8m 12s
2025-08-28 08:08:03 - INFO - Epoch 1 - Step 317600/937500 (33.88 %) - Loss: 0.01140 - LR: 6.32e-04 - Time: 14h 9m 49s
2025-08-28 08:09:40 - INFO - Epoch 1 - Step 317800/937500 (33.9 %) - Loss: 0.01351 - LR: 6.32e-04 - Time: 14h 11m 27s
2025-08-28 08:11:18 - INFO - Epoch 1 - Step 318000/937500 (33.92 %) - Loss: 0.01251 - LR: 6.32e-04 - Time: 14h 13m 5s
2025-08-28 08:12:55 - INFO - Epoch 1 - Step 318200/937500 (33.94 %) - Loss: 0.00910 - LR: 6.31e-04 - Time: 14h 14m 42s
2025-08-28 08:14:33 - INFO - Epoch 1 - Step 318400/937500 (33.96 %) - Loss: 0.00981 - LR: 6.31e-04 - Time: 14h 16m 19s
2025-08-28 08:16:11 - INFO - Epoch 1 - Step 318600/937500 (33.98 %) - Loss: 0.01484 - LR: 6.31e-04 - Time: 14h 17m 58s
2025-08-28 08:17:48 - INFO - Epoch 1 - Step 318800/937500 (34.01 %) - Loss: 0.01351 - LR: 6.31e-04 - Time: 14h 19m 35s
2025-08-28 08:19:27 - INFO - Epoch 1 - Step 319000/937500 (34.03 %) - Loss: 0.01219 - LR: 6.30e-04 - Time: 14h 21m 14s
2025-08-28 08:21:03 - INFO - Epoch 1 - Step 319200/937500 (34.05 %) - Loss: 0.00879 - LR: 6.30e-04 - Time: 14h 22m 50s
2025-08-28 08:22:40 - INFO - Epoch 1 - Step 319400/937500 (34.07 %) - Loss: 0.01046 - LR: 6.30e-04 - Time: 14h 24m 27s
2025-08-28 08:24:18 - INFO - Epoch 1 - Step 319600/937500 (34.09 %) - Loss: 0.01013 - LR: 6.30e-04 - Time: 14h 26m 4s
2025-08-28 08:25:55 - INFO - Epoch 1 - Step 319800/937500 (34.11 %) - Loss: 0.01225 - LR: 6.30e-04 - Time: 14h 27m 42s
2025-08-28 08:27:34 - INFO - Epoch 1 - Step 320000/937500 (34.13 %) - Loss: 0.01071 - LR: 6.29e-04 - Time: 14h 29m 20s
2025-08-28 08:29:11 - INFO - Epoch 1 - Step 320200/937500 (34.15 %) - Loss: 0.01282 - LR: 6.29e-04 - Time: 14h 30m 58s
2025-08-28 08:30:49 - INFO - Epoch 1 - Step 320400/937500 (34.18 %) - Loss: 0.01092 - LR: 6.29e-04 - Time: 14h 32m 35s
2025-08-28 08:32:26 - INFO - Epoch 1 - Step 320600/937500 (34.2 %) - Loss: 0.01284 - LR: 6.29e-04 - Time: 14h 34m 13s
2025-08-28 08:34:03 - INFO - Epoch 1 - Step 320800/937500 (34.22 %) - Loss: 0.01282 - LR: 6.28e-04 - Time: 14h 35m 50s
2025-08-28 08:35:41 - INFO - Epoch 1 - Step 321000/937500 (34.24 %) - Loss: 0.01183 - LR: 6.28e-04 - Time: 14h 37m 28s
2025-08-28 08:37:18 - INFO - Epoch 1 - Step 321200/937500 (34.26 %) - Loss: 0.01132 - LR: 6.28e-04 - Time: 14h 39m 5s
2025-08-28 08:38:55 - INFO - Epoch 1 - Step 321400/937500 (34.28 %) - Loss: 0.01215 - LR: 6.28e-04 - Time: 14h 40m 42s
2025-08-28 08:40:32 - INFO - Epoch 1 - Step 321600/937500 (34.3 %) - Loss: 0.00952 - LR: 6.28e-04 - Time: 14h 42m 19s
2025-08-28 08:42:10 - INFO - Epoch 1 - Step 321800/937500 (34.33 %) - Loss: 0.01122 - LR: 6.27e-04 - Time: 14h 43m 56s
2025-08-28 08:43:47 - INFO - Epoch 1 - Step 322000/937500 (34.35 %) - Loss: 0.01186 - LR: 6.27e-04 - Time: 14h 45m 34s
2025-08-28 08:45:25 - INFO - Epoch 1 - Step 322200/937500 (34.37 %) - Loss: 0.01212 - LR: 6.27e-04 - Time: 14h 47m 11s
2025-08-28 08:47:02 - INFO - Epoch 1 - Step 322400/937500 (34.39 %) - Loss: 0.01153 - LR: 6.27e-04 - Time: 14h 48m 49s
2025-08-28 08:48:39 - INFO - Epoch 1 - Step 322600/937500 (34.41 %) - Loss: 0.00971 - LR: 6.26e-04 - Time: 14h 50m 26s
2025-08-28 08:50:17 - INFO - Epoch 1 - Step 322800/937500 (34.43 %) - Loss: 0.00921 - LR: 6.26e-04 - Time: 14h 52m 3s
2025-08-28 08:51:55 - INFO - Epoch 1 - Step 323000/937500 (34.45 %) - Loss: 0.01384 - LR: 6.26e-04 - Time: 14h 53m 42s
2025-08-28 08:53:32 - INFO - Epoch 1 - Step 323200/937500 (34.47 %) - Loss: 0.01254 - LR: 6.26e-04 - Time: 14h 55m 19s
2025-08-28 08:55:09 - INFO - Epoch 1 - Step 323400/937500 (34.5 %) - Loss: 0.01252 - LR: 6.25e-04 - Time: 14h 56m 56s
2025-08-28 08:56:47 - INFO - Epoch 1 - Step 323600/937500 (34.52 %) - Loss: 0.01326 - LR: 6.25e-04 - Time: 14h 58m 34s
2025-08-28 08:58:25 - INFO - Epoch 1 - Step 323800/937500 (34.54 %) - Loss: 0.01009 - LR: 6.25e-04 - Time: 15h 0m 11s
2025-08-28 09:00:02 - INFO - Epoch 1 - Step 324000/937500 (34.56 %) - Loss: 0.00983 - LR: 6.25e-04 - Time: 15h 1m 49s
2025-08-28 09:01:40 - INFO - Epoch 1 - Step 324200/937500 (34.58 %) - Loss: 0.00945 - LR: 6.25e-04 - Time: 15h 3m 26s
2025-08-28 09:03:17 - INFO - Epoch 1 - Step 324400/937500 (34.6 %) - Loss: 0.01310 - LR: 6.24e-04 - Time: 15h 5m 3s
2025-08-28 09:04:54 - INFO - Epoch 1 - Step 324600/937500 (34.62 %) - Loss: 0.01259 - LR: 6.24e-04 - Time: 15h 6m 41s
2025-08-28 09:06:31 - INFO - Epoch 1 - Step 324800/937500 (34.65 %) - Loss: 0.00956 - LR: 6.24e-04 - Time: 15h 8m 18s
2025-08-28 09:08:07 - INFO - Epoch 1 - Step 325000/937500 (34.67 %) - Loss: 0.00849 - LR: 6.24e-04 - Time: 15h 9m 54s
2025-08-28 09:09:44 - INFO - Epoch 1 - Step 325200/937500 (34.69 %) - Loss: 0.01532 - LR: 6.23e-04 - Time: 15h 11m 31s
2025-08-28 09:11:21 - INFO - Epoch 1 - Step 325400/937500 (34.71 %) - Loss: 0.01114 - LR: 6.23e-04 - Time: 15h 13m 8s
2025-08-28 09:12:58 - INFO - Epoch 1 - Step 325600/937500 (34.73 %) - Loss: 0.00893 - LR: 6.23e-04 - Time: 15h 14m 45s
2025-08-28 09:14:35 - INFO - Epoch 1 - Step 325800/937500 (34.75 %) - Loss: 0.01234 - LR: 6.23e-04 - Time: 15h 16m 22s
2025-08-28 09:16:14 - INFO - Epoch 1 - Step 326000/937500 (34.77 %) - Loss: 0.00928 - LR: 6.22e-04 - Time: 15h 18m 1s
2025-08-28 09:17:52 - INFO - Epoch 1 - Step 326200/937500 (34.79 %) - Loss: 0.01151 - LR: 6.22e-04 - Time: 15h 19m 39s
2025-08-28 09:19:31 - INFO - Epoch 1 - Step 326400/937500 (34.82 %) - Loss: 0.00922 - LR: 6.22e-04 - Time: 15h 21m 17s
2025-08-28 09:21:08 - INFO - Epoch 1 - Step 326600/937500 (34.84 %) - Loss: 0.01291 - LR: 6.22e-04 - Time: 15h 22m 55s
2025-08-28 09:22:46 - INFO - Epoch 1 - Step 326800/937500 (34.86 %) - Loss: 0.01130 - LR: 6.22e-04 - Time: 15h 24m 32s
2025-08-28 09:24:24 - INFO - Epoch 1 - Step 327000/937500 (34.88 %) - Loss: 0.01147 - LR: 6.21e-04 - Time: 15h 26m 10s
2025-08-28 09:26:01 - INFO - Epoch 1 - Step 327200/937500 (34.9 %) - Loss: 0.01126 - LR: 6.21e-04 - Time: 15h 27m 48s
2025-08-28 09:27:38 - INFO - Epoch 1 - Step 327400/937500 (34.92 %) - Loss: 0.00957 - LR: 6.21e-04 - Time: 15h 29m 25s
2025-08-28 09:29:16 - INFO - Epoch 1 - Step 327600/937500 (34.94 %) - Loss: 0.00950 - LR: 6.21e-04 - Time: 15h 31m 3s
2025-08-28 09:30:53 - INFO - Epoch 1 - Step 327800/937500 (34.97 %) - Loss: 0.01271 - LR: 6.20e-04 - Time: 15h 32m 40s
2025-08-28 09:32:31 - INFO - Epoch 1 - Step 328000/937500 (34.99 %) - Loss: 0.01240 - LR: 6.20e-04 - Time: 15h 34m 17s
2025-08-28 09:34:08 - INFO - Epoch 1 - Step 328200/937500 (35.01 %) - Loss: 0.01342 - LR: 6.20e-04 - Time: 15h 35m 55s
2025-08-28 09:35:46 - INFO - Epoch 1 - Step 328400/937500 (35.03 %) - Loss: 0.01128 - LR: 6.20e-04 - Time: 15h 37m 33s
2025-08-28 09:37:23 - INFO - Epoch 1 - Step 328600/937500 (35.05 %) - Loss: 0.01330 - LR: 6.19e-04 - Time: 15h 39m 10s
2025-08-28 09:39:00 - INFO - Epoch 1 - Step 328800/937500 (35.07 %) - Loss: 0.01174 - LR: 6.19e-04 - Time: 15h 40m 46s
2025-08-28 09:40:37 - INFO - Epoch 1 - Step 329000/937500 (35.09 %) - Loss: 0.01172 - LR: 6.19e-04 - Time: 15h 42m 24s
2025-08-28 09:42:14 - INFO - Epoch 1 - Step 329200/937500 (35.11 %) - Loss: 0.01254 - LR: 6.19e-04 - Time: 15h 44m 0s
2025-08-28 09:43:51 - INFO - Epoch 1 - Step 329400/937500 (35.14 %) - Loss: 0.01092 - LR: 6.19e-04 - Time: 15h 45m 38s
2025-08-28 09:45:28 - INFO - Epoch 1 - Step 329600/937500 (35.16 %) - Loss: 0.01413 - LR: 6.18e-04 - Time: 15h 47m 15s
2025-08-28 09:47:06 - INFO - Epoch 1 - Step 329800/937500 (35.18 %) - Loss: 0.01256 - LR: 6.18e-04 - Time: 15h 48m 53s
2025-08-28 09:48:44 - INFO - Epoch 1 - Step 330000/937500 (35.2 %) - Loss: 0.01022 - LR: 6.18e-04 - Time: 15h 50m 30s
2025-08-28 09:50:21 - INFO - Epoch 1 - Step 330200/937500 (35.22 %) - Loss: 0.01205 - LR: 6.18e-04 - Time: 15h 52m 8s
2025-08-28 09:52:00 - INFO - Epoch 1 - Step 330400/937500 (35.24 %) - Loss: 0.01035 - LR: 6.17e-04 - Time: 15h 53m 46s
2025-08-28 09:53:37 - INFO - Epoch 1 - Step 330600/937500 (35.26 %) - Loss: 0.01243 - LR: 6.17e-04 - Time: 15h 55m 23s
2025-08-28 09:55:15 - INFO - Epoch 1 - Step 330800/937500 (35.29 %) - Loss: 0.00792 - LR: 6.17e-04 - Time: 15h 57m 2s
2025-08-28 09:56:53 - INFO - Epoch 1 - Step 331000/937500 (35.31 %) - Loss: 0.01217 - LR: 6.17e-04 - Time: 15h 58m 40s
2025-08-28 09:58:31 - INFO - Epoch 1 - Step 331200/937500 (35.33 %) - Loss: 0.01176 - LR: 6.16e-04 - Time: 16h 0m 18s
2025-08-28 10:00:09 - INFO - Epoch 1 - Step 331400/937500 (35.35 %) - Loss: 0.00956 - LR: 6.16e-04 - Time: 16h 1m 56s
2025-08-28 10:01:48 - INFO - Epoch 1 - Step 331600/937500 (35.37 %) - Loss: 0.00788 - LR: 6.16e-04 - Time: 16h 3m 34s
2025-08-28 10:03:25 - INFO - Epoch 1 - Step 331800/937500 (35.39 %) - Loss: 0.00928 - LR: 6.16e-04 - Time: 16h 5m 12s
2025-08-28 10:05:02 - INFO - Epoch 1 - Step 332000/937500 (35.41 %) - Loss: 0.00977 - LR: 6.15e-04 - Time: 16h 6m 49s
2025-08-28 10:06:40 - INFO - Epoch 1 - Step 332200/937500 (35.43 %) - Loss: 0.01044 - LR: 6.15e-04 - Time: 16h 8m 27s
2025-08-28 10:08:18 - INFO - Epoch 1 - Step 332400/937500 (35.46 %) - Loss: 0.01305 - LR: 6.15e-04 - Time: 16h 10m 4s
2025-08-28 10:09:55 - INFO - Epoch 1 - Step 332600/937500 (35.48 %) - Loss: 0.01138 - LR: 6.15e-04 - Time: 16h 11m 42s
2025-08-28 10:11:32 - INFO - Epoch 1 - Step 332800/937500 (35.5 %) - Loss: 0.01080 - LR: 6.15e-04 - Time: 16h 13m 19s
2025-08-28 10:13:12 - INFO - Epoch 1 - Step 333000/937500 (35.52 %) - Loss: 0.01056 - LR: 6.14e-04 - Time: 16h 14m 58s
2025-08-28 10:14:50 - INFO - Epoch 1 - Step 333200/937500 (35.54 %) - Loss: 0.01460 - LR: 6.14e-04 - Time: 16h 16m 36s
2025-08-28 10:16:27 - INFO - Epoch 1 - Step 333400/937500 (35.56 %) - Loss: 0.01285 - LR: 6.14e-04 - Time: 16h 18m 14s
2025-08-28 10:18:05 - INFO - Epoch 1 - Step 333600/937500 (35.58 %) - Loss: 0.01010 - LR: 6.14e-04 - Time: 16h 19m 51s
2025-08-28 10:19:43 - INFO - Epoch 1 - Step 333800/937500 (35.61 %) - Loss: 0.01545 - LR: 6.13e-04 - Time: 16h 21m 30s
2025-08-28 10:21:21 - INFO - Epoch 1 - Step 334000/937500 (35.63 %) - Loss: 0.01107 - LR: 6.13e-04 - Time: 16h 23m 7s
2025-08-28 10:22:59 - INFO - Epoch 1 - Step 334200/937500 (35.65 %) - Loss: 0.00801 - LR: 6.13e-04 - Time: 16h 24m 45s
2025-08-28 10:24:36 - INFO - Epoch 1 - Step 334400/937500 (35.67 %) - Loss: 0.00904 - LR: 6.13e-04 - Time: 16h 26m 22s
2025-08-28 10:26:14 - INFO - Epoch 1 - Step 334600/937500 (35.69 %) - Loss: 0.01071 - LR: 6.12e-04 - Time: 16h 28m 1s
2025-08-28 10:27:52 - INFO - Epoch 1 - Step 334800/937500 (35.71 %) - Loss: 0.01133 - LR: 6.12e-04 - Time: 16h 29m 39s
2025-08-28 10:29:30 - INFO - Epoch 1 - Step 335000/937500 (35.73 %) - Loss: 0.00827 - LR: 6.12e-04 - Time: 16h 31m 17s
2025-08-28 10:31:08 - INFO - Epoch 1 - Step 335200/937500 (35.75 %) - Loss: 0.01322 - LR: 6.12e-04 - Time: 16h 32m 55s
2025-08-28 10:32:47 - INFO - Epoch 1 - Step 335400/937500 (35.78 %) - Loss: 0.01504 - LR: 6.11e-04 - Time: 16h 34m 33s
2025-08-28 10:34:24 - INFO - Epoch 1 - Step 335600/937500 (35.8 %) - Loss: 0.01126 - LR: 6.11e-04 - Time: 16h 36m 11s
2025-08-28 10:36:03 - INFO - Epoch 1 - Step 335800/937500 (35.82 %) - Loss: 0.00972 - LR: 6.11e-04 - Time: 16h 37m 50s
2025-08-28 10:37:41 - INFO - Epoch 1 - Step 336000/937500 (35.84 %) - Loss: 0.01078 - LR: 6.11e-04 - Time: 16h 39m 27s
2025-08-28 10:39:20 - INFO - Epoch 1 - Step 336200/937500 (35.86 %) - Loss: 0.01314 - LR: 6.11e-04 - Time: 16h 41m 6s
2025-08-28 10:40:57 - INFO - Epoch 1 - Step 336400/937500 (35.88 %) - Loss: 0.01063 - LR: 6.10e-04 - Time: 16h 42m 44s
2025-08-28 10:42:36 - INFO - Epoch 1 - Step 336600/937500 (35.9 %) - Loss: 0.01172 - LR: 6.10e-04 - Time: 16h 44m 23s
2025-08-28 10:44:14 - INFO - Epoch 1 - Step 336800/937500 (35.93 %) - Loss: 0.00944 - LR: 6.10e-04 - Time: 16h 46m 0s
2025-08-28 10:45:52 - INFO - Epoch 1 - Step 337000/937500 (35.95 %) - Loss: 0.01109 - LR: 6.10e-04 - Time: 16h 47m 38s
2025-08-28 10:47:30 - INFO - Epoch 1 - Step 337200/937500 (35.97 %) - Loss: 0.01220 - LR: 6.09e-04 - Time: 16h 49m 16s
2025-08-28 10:49:08 - INFO - Epoch 1 - Step 337400/937500 (35.99 %) - Loss: 0.01124 - LR: 6.09e-04 - Time: 16h 50m 54s
2025-08-28 10:50:45 - INFO - Epoch 1 - Step 337600/937500 (36.01 %) - Loss: 0.01276 - LR: 6.09e-04 - Time: 16h 52m 32s
2025-08-28 10:52:23 - INFO - Epoch 1 - Step 337800/937500 (36.03 %) - Loss: 0.01289 - LR: 6.09e-04 - Time: 16h 54m 10s
2025-08-28 10:54:02 - INFO - Epoch 1 - Step 338000/937500 (36.05 %) - Loss: 0.01106 - LR: 6.08e-04 - Time: 16h 55m 48s
2025-08-28 10:55:40 - INFO - Epoch 1 - Step 338200/937500 (36.07 %) - Loss: 0.01054 - LR: 6.08e-04 - Time: 16h 57m 27s
2025-08-28 10:57:20 - INFO - Epoch 1 - Step 338400/937500 (36.1 %) - Loss: 0.01245 - LR: 6.08e-04 - Time: 16h 59m 6s
2025-08-28 10:58:59 - INFO - Epoch 1 - Step 338600/937500 (36.12 %) - Loss: 0.00982 - LR: 6.08e-04 - Time: 17h 0m 45s
2025-08-28 11:00:37 - INFO - Epoch 1 - Step 338800/937500 (36.14 %) - Loss: 0.01372 - LR: 6.07e-04 - Time: 17h 2m 24s
2025-08-28 11:02:16 - INFO - Epoch 1 - Step 339000/937500 (36.16 %) - Loss: 0.00983 - LR: 6.07e-04 - Time: 17h 4m 2s
2025-08-28 11:03:54 - INFO - Epoch 1 - Step 339200/937500 (36.18 %) - Loss: 0.00823 - LR: 6.07e-04 - Time: 17h 5m 40s
2025-08-28 11:05:31 - INFO - Epoch 1 - Step 339400/937500 (36.2 %) - Loss: 0.01298 - LR: 6.07e-04 - Time: 17h 7m 18s
2025-08-28 11:07:09 - INFO - Epoch 1 - Step 339600/937500 (36.22 %) - Loss: 0.01376 - LR: 6.07e-04 - Time: 17h 8m 55s
2025-08-28 11:08:47 - INFO - Epoch 1 - Step 339800/937500 (36.25 %) - Loss: 0.00971 - LR: 6.06e-04 - Time: 17h 10m 33s
2025-08-28 11:10:25 - INFO - Epoch 1 - Step 340000/937500 (36.27 %) - Loss: 0.01044 - LR: 6.06e-04 - Time: 17h 12m 12s
2025-08-28 11:12:04 - INFO - Epoch 1 - Step 340200/937500 (36.29 %) - Loss: 0.00800 - LR: 6.06e-04 - Time: 17h 13m 51s
2025-08-28 11:13:43 - INFO - Epoch 1 - Step 340400/937500 (36.31 %) - Loss: 0.01009 - LR: 6.06e-04 - Time: 17h 15m 30s
2025-08-28 11:15:22 - INFO - Epoch 1 - Step 340600/937500 (36.33 %) - Loss: 0.01162 - LR: 6.05e-04 - Time: 17h 17m 8s
2025-08-28 11:17:00 - INFO - Epoch 1 - Step 340800/937500 (36.35 %) - Loss: 0.01000 - LR: 6.05e-04 - Time: 17h 18m 47s
2025-08-28 11:18:38 - INFO - Epoch 1 - Step 341000/937500 (36.37 %) - Loss: 0.01338 - LR: 6.05e-04 - Time: 17h 20m 25s
2025-08-28 11:20:17 - INFO - Epoch 1 - Step 341200/937500 (36.39 %) - Loss: 0.00953 - LR: 6.05e-04 - Time: 17h 22m 4s
2025-08-28 11:21:56 - INFO - Epoch 1 - Step 341400/937500 (36.42 %) - Loss: 0.01493 - LR: 6.04e-04 - Time: 17h 23m 42s
2025-08-28 11:23:34 - INFO - Epoch 1 - Step 341600/937500 (36.44 %) - Loss: 0.01070 - LR: 6.04e-04 - Time: 17h 25m 20s
2025-08-28 11:25:12 - INFO - Epoch 1 - Step 341800/937500 (36.46 %) - Loss: 0.01084 - LR: 6.04e-04 - Time: 17h 26m 58s
2025-08-28 11:26:49 - INFO - Epoch 1 - Step 342000/937500 (36.48 %) - Loss: 0.01485 - LR: 6.04e-04 - Time: 17h 28m 36s
2025-08-28 11:28:27 - INFO - Epoch 1 - Step 342200/937500 (36.5 %) - Loss: 0.01013 - LR: 6.03e-04 - Time: 17h 30m 13s
2025-08-28 11:30:05 - INFO - Epoch 1 - Step 342400/937500 (36.52 %) - Loss: 0.01142 - LR: 6.03e-04 - Time: 17h 31m 52s
2025-08-28 11:31:43 - INFO - Epoch 1 - Step 342600/937500 (36.54 %) - Loss: 0.01245 - LR: 6.03e-04 - Time: 17h 33m 30s
2025-08-28 11:33:22 - INFO - Epoch 1 - Step 342800/937500 (36.57 %) - Loss: 0.01369 - LR: 6.03e-04 - Time: 17h 35m 9s
2025-08-28 11:35:01 - INFO - Epoch 1 - Step 343000/937500 (36.59 %) - Loss: 0.01095 - LR: 6.02e-04 - Time: 17h 36m 48s
2025-08-28 11:36:39 - INFO - Epoch 1 - Step 343200/937500 (36.61 %) - Loss: 0.01096 - LR: 6.02e-04 - Time: 17h 38m 25s
2025-08-28 11:38:17 - INFO - Epoch 1 - Step 343400/937500 (36.63 %) - Loss: 0.01137 - LR: 6.02e-04 - Time: 17h 40m 4s
2025-08-28 11:39:56 - INFO - Epoch 1 - Step 343600/937500 (36.65 %) - Loss: 0.00917 - LR: 6.02e-04 - Time: 17h 41m 43s
2025-08-28 11:41:34 - INFO - Epoch 1 - Step 343800/937500 (36.67 %) - Loss: 0.01237 - LR: 6.02e-04 - Time: 17h 43m 21s
2025-08-28 11:43:13 - INFO - Epoch 1 - Step 344000/937500 (36.69 %) - Loss: 0.01061 - LR: 6.01e-04 - Time: 17h 44m 59s
2025-08-28 11:44:51 - INFO - Epoch 1 - Step 344200/937500 (36.71 %) - Loss: 0.01287 - LR: 6.01e-04 - Time: 17h 46m 37s
2025-08-28 11:46:27 - INFO - Epoch 1 - Step 344400/937500 (36.74 %) - Loss: 0.01152 - LR: 6.01e-04 - Time: 17h 48m 14s
2025-08-28 11:48:04 - INFO - Epoch 1 - Step 344600/937500 (36.76 %) - Loss: 0.01257 - LR: 6.01e-04 - Time: 17h 49m 50s
2025-08-28 11:49:41 - INFO - Epoch 1 - Step 344800/937500 (36.78 %) - Loss: 0.00994 - LR: 6.00e-04 - Time: 17h 51m 27s
2025-08-28 11:51:20 - INFO - Epoch 1 - Step 345000/937500 (36.8 %) - Loss: 0.00972 - LR: 6.00e-04 - Time: 17h 53m 6s
2025-08-28 11:52:57 - INFO - Epoch 1 - Step 345200/937500 (36.82 %) - Loss: 0.01099 - LR: 6.00e-04 - Time: 17h 54m 43s
2025-08-28 11:54:34 - INFO - Epoch 1 - Step 345400/937500 (36.84 %) - Loss: 0.01289 - LR: 6.00e-04 - Time: 17h 56m 20s
2025-08-28 11:56:11 - INFO - Epoch 1 - Step 345600/937500 (36.86 %) - Loss: 0.01375 - LR: 5.99e-04 - Time: 17h 57m 58s
2025-08-28 11:57:49 - INFO - Epoch 1 - Step 345800/937500 (36.89 %) - Loss: 0.01047 - LR: 5.99e-04 - Time: 17h 59m 35s
2025-08-28 11:59:25 - INFO - Epoch 1 - Step 346000/937500 (36.91 %) - Loss: 0.01077 - LR: 5.99e-04 - Time: 18h 1m 11s
2025-08-28 12:01:02 - INFO - Epoch 1 - Step 346200/937500 (36.93 %) - Loss: 0.00770 - LR: 5.99e-04 - Time: 18h 2m 49s
2025-08-28 12:02:39 - INFO - Epoch 1 - Step 346400/937500 (36.95 %) - Loss: 0.01198 - LR: 5.98e-04 - Time: 18h 4m 26s
2025-08-28 12:04:17 - INFO - Epoch 1 - Step 346600/937500 (36.97 %) - Loss: 0.00895 - LR: 5.98e-04 - Time: 18h 6m 4s
2025-08-28 12:05:54 - INFO - Epoch 1 - Step 346800/937500 (36.99 %) - Loss: 0.01095 - LR: 5.98e-04 - Time: 18h 7m 41s
2025-08-28 12:07:31 - INFO - Epoch 1 - Step 347000/937500 (37.01 %) - Loss: 0.01085 - LR: 5.98e-04 - Time: 18h 9m 18s
2025-08-28 12:09:09 - INFO - Epoch 1 - Step 347200/937500 (37.03 %) - Loss: 0.01183 - LR: 5.97e-04 - Time: 18h 10m 56s
2025-08-28 12:10:47 - INFO - Epoch 1 - Step 347400/937500 (37.06 %) - Loss: 0.00955 - LR: 5.97e-04 - Time: 18h 12m 34s
2025-08-28 12:12:26 - INFO - Epoch 1 - Step 347600/937500 (37.08 %) - Loss: 0.01072 - LR: 5.97e-04 - Time: 18h 14m 12s
2025-08-28 12:14:03 - INFO - Epoch 1 - Step 347800/937500 (37.1 %) - Loss: 0.00897 - LR: 5.97e-04 - Time: 18h 15m 49s
2025-08-28 12:15:40 - INFO - Epoch 1 - Step 348000/937500 (37.12 %) - Loss: 0.01351 - LR: 5.96e-04 - Time: 18h 17m 27s
2025-08-28 12:17:17 - INFO - Epoch 1 - Step 348200/937500 (37.14 %) - Loss: 0.01271 - LR: 5.96e-04 - Time: 18h 19m 4s
2025-08-28 12:18:54 - INFO - Epoch 1 - Step 348400/937500 (37.16 %) - Loss: 0.01255 - LR: 5.96e-04 - Time: 18h 20m 41s
2025-08-28 12:20:31 - INFO - Epoch 1 - Step 348600/937500 (37.18 %) - Loss: 0.01118 - LR: 5.96e-04 - Time: 18h 22m 17s
2025-08-28 12:22:09 - INFO - Epoch 1 - Step 348800/937500 (37.21 %) - Loss: 0.01149 - LR: 5.95e-04 - Time: 18h 23m 55s
2025-08-28 12:23:46 - INFO - Epoch 1 - Step 349000/937500 (37.23 %) - Loss: 0.01153 - LR: 5.95e-04 - Time: 18h 25m 33s
2025-08-28 12:25:24 - INFO - Epoch 1 - Step 349200/937500 (37.25 %) - Loss: 0.00748 - LR: 5.95e-04 - Time: 18h 27m 11s
2025-08-28 12:27:02 - INFO - Epoch 1 - Step 349400/937500 (37.27 %) - Loss: 0.01215 - LR: 5.95e-04 - Time: 18h 28m 49s
2025-08-28 12:28:40 - INFO - Epoch 1 - Step 349600/937500 (37.29 %) - Loss: 0.00992 - LR: 5.95e-04 - Time: 18h 30m 27s
2025-08-28 12:30:17 - INFO - Epoch 1 - Step 349800/937500 (37.31 %) - Loss: 0.01306 - LR: 5.94e-04 - Time: 18h 32m 4s
2025-08-28 12:31:55 - INFO - Epoch 1 - Step 350000/937500 (37.33 %) - Loss: 0.01177 - LR: 5.94e-04 - Time: 18h 33m 42s
2025-08-28 12:33:33 - INFO - Epoch 1 - Step 350200/937500 (37.35 %) - Loss: 0.01294 - LR: 5.94e-04 - Time: 18h 35m 20s
2025-08-28 12:35:11 - INFO - Epoch 1 - Step 350400/937500 (37.38 %) - Loss: 0.01114 - LR: 5.94e-04 - Time: 18h 36m 58s
2025-08-28 12:36:50 - INFO - Epoch 1 - Step 350600/937500 (37.4 %) - Loss: 0.01138 - LR: 5.93e-04 - Time: 18h 38m 36s
2025-08-28 12:38:27 - INFO - Epoch 1 - Step 350800/937500 (37.42 %) - Loss: 0.01095 - LR: 5.93e-04 - Time: 18h 40m 14s
2025-08-28 12:40:04 - INFO - Epoch 1 - Step 351000/937500 (37.44 %) - Loss: 0.01137 - LR: 5.93e-04 - Time: 18h 41m 50s
2025-08-28 12:41:41 - INFO - Epoch 1 - Step 351200/937500 (37.46 %) - Loss: 0.01143 - LR: 5.93e-04 - Time: 18h 43m 28s
2025-08-28 12:43:19 - INFO - Epoch 1 - Step 351400/937500 (37.48 %) - Loss: 0.01189 - LR: 5.92e-04 - Time: 18h 45m 6s
2025-08-28 12:44:56 - INFO - Epoch 1 - Step 351600/937500 (37.5 %) - Loss: 0.01068 - LR: 5.92e-04 - Time: 18h 46m 43s
2025-08-28 12:46:34 - INFO - Epoch 1 - Step 351800/937500 (37.53 %) - Loss: 0.01192 - LR: 5.92e-04 - Time: 18h 48m 20s
2025-08-28 12:48:12 - INFO - Epoch 1 - Step 352000/937500 (37.55 %) - Loss: 0.01248 - LR: 5.92e-04 - Time: 18h 49m 58s
2025-08-28 12:49:49 - INFO - Epoch 1 - Step 352200/937500 (37.57 %) - Loss: 0.01251 - LR: 5.91e-04 - Time: 18h 51m 35s
2025-08-28 12:51:26 - INFO - Epoch 1 - Step 352400/937500 (37.59 %) - Loss: 0.01034 - LR: 5.91e-04 - Time: 18h 53m 13s
2025-08-28 12:53:04 - INFO - Epoch 1 - Step 352600/937500 (37.61 %) - Loss: 0.01005 - LR: 5.91e-04 - Time: 18h 54m 50s
2025-08-28 12:54:41 - INFO - Epoch 1 - Step 352800/937500 (37.63 %) - Loss: 0.01319 - LR: 5.91e-04 - Time: 18h 56m 28s
2025-08-28 12:56:18 - INFO - Epoch 1 - Step 353000/937500 (37.65 %) - Loss: 0.01393 - LR: 5.90e-04 - Time: 18h 58m 5s
2025-08-28 12:57:55 - INFO - Epoch 1 - Step 353200/937500 (37.67 %) - Loss: 0.01434 - LR: 5.90e-04 - Time: 18h 59m 42s
2025-08-28 12:59:33 - INFO - Epoch 1 - Step 353400/937500 (37.7 %) - Loss: 0.01170 - LR: 5.90e-04 - Time: 19h 1m 19s
2025-08-28 13:01:11 - INFO - Epoch 1 - Step 353600/937500 (37.72 %) - Loss: 0.01297 - LR: 5.90e-04 - Time: 19h 2m 58s
2025-08-28 13:02:48 - INFO - Epoch 1 - Step 353800/937500 (37.74 %) - Loss: 0.01242 - LR: 5.89e-04 - Time: 19h 4m 35s
2025-08-28 13:04:26 - INFO - Epoch 1 - Step 354000/937500 (37.76 %) - Loss: 0.01365 - LR: 5.89e-04 - Time: 19h 6m 12s
2025-08-28 13:06:04 - INFO - Epoch 1 - Step 354200/937500 (37.78 %) - Loss: 0.00954 - LR: 5.89e-04 - Time: 19h 7m 50s
2025-08-28 13:07:43 - INFO - Epoch 1 - Step 354400/937500 (37.8 %) - Loss: 0.01072 - LR: 5.89e-04 - Time: 19h 9m 29s
2025-08-28 13:09:20 - INFO - Epoch 1 - Step 354600/937500 (37.82 %) - Loss: 0.01589 - LR: 5.88e-04 - Time: 19h 11m 7s
2025-08-28 13:10:58 - INFO - Epoch 1 - Step 354800/937500 (37.85 %) - Loss: 0.01014 - LR: 5.88e-04 - Time: 19h 12m 44s
2025-08-28 13:12:36 - INFO - Epoch 1 - Step 355000/937500 (37.87 %) - Loss: 0.01327 - LR: 5.88e-04 - Time: 19h 14m 23s
2025-08-28 13:14:14 - INFO - Epoch 1 - Step 355200/937500 (37.89 %) - Loss: 0.01210 - LR: 5.88e-04 - Time: 19h 16m 0s
2025-08-28 13:15:51 - INFO - Epoch 1 - Step 355400/937500 (37.91 %) - Loss: 0.01022 - LR: 5.87e-04 - Time: 19h 17m 38s
2025-08-28 13:17:29 - INFO - Epoch 1 - Step 355600/937500 (37.93 %) - Loss: 0.01137 - LR: 5.87e-04 - Time: 19h 19m 15s
2025-08-28 13:19:07 - INFO - Epoch 1 - Step 355800/937500 (37.95 %) - Loss: 0.01207 - LR: 5.87e-04 - Time: 19h 20m 54s
2025-08-28 13:20:44 - INFO - Epoch 1 - Step 356000/937500 (37.97 %) - Loss: 0.00780 - LR: 5.87e-04 - Time: 19h 22m 30s
2025-08-28 13:22:20 - INFO - Epoch 1 - Step 356200/937500 (37.99 %) - Loss: 0.01351 - LR: 5.86e-04 - Time: 19h 24m 7s
2025-08-28 13:23:59 - INFO - Epoch 1 - Step 356400/937500 (38.02 %) - Loss: 0.01313 - LR: 5.86e-04 - Time: 19h 25m 45s
2025-08-28 13:25:36 - INFO - Epoch 1 - Step 356600/937500 (38.04 %) - Loss: 0.01269 - LR: 5.86e-04 - Time: 19h 27m 23s
2025-08-28 13:27:14 - INFO - Epoch 1 - Step 356800/937500 (38.06 %) - Loss: 0.01249 - LR: 5.86e-04 - Time: 19h 29m 0s
2025-08-28 13:28:51 - INFO - Epoch 1 - Step 357000/937500 (38.08 %) - Loss: 0.01173 - LR: 5.86e-04 - Time: 19h 30m 38s
2025-08-28 13:30:29 - INFO - Epoch 1 - Step 357200/937500 (38.1 %) - Loss: 0.01402 - LR: 5.85e-04 - Time: 19h 32m 16s
2025-08-28 13:32:06 - INFO - Epoch 1 - Step 357400/937500 (38.12 %) - Loss: 0.01143 - LR: 5.85e-04 - Time: 19h 33m 53s
2025-08-28 13:33:45 - INFO - Epoch 1 - Step 357600/937500 (38.14 %) - Loss: 0.01025 - LR: 5.85e-04 - Time: 19h 35m 31s
2025-08-28 13:35:24 - INFO - Epoch 1 - Step 357800/937500 (38.17 %) - Loss: 0.01127 - LR: 5.85e-04 - Time: 19h 37m 11s
2025-08-28 13:37:02 - INFO - Epoch 1 - Step 358000/937500 (38.19 %) - Loss: 0.01164 - LR: 5.84e-04 - Time: 19h 38m 49s
2025-08-28 13:38:39 - INFO - Epoch 1 - Step 358200/937500 (38.21 %) - Loss: 0.01083 - LR: 5.84e-04 - Time: 19h 40m 25s
2025-08-28 13:40:17 - INFO - Epoch 1 - Step 358400/937500 (38.23 %) - Loss: 0.01160 - LR: 5.84e-04 - Time: 19h 42m 3s
2025-08-28 13:41:53 - INFO - Epoch 1 - Step 358600/937500 (38.25 %) - Loss: 0.01209 - LR: 5.84e-04 - Time: 19h 43m 40s
2025-08-28 13:43:29 - INFO - Epoch 1 - Step 358800/937500 (38.27 %) - Loss: 0.01007 - LR: 5.83e-04 - Time: 19h 45m 16s
2025-08-28 13:45:07 - INFO - Epoch 1 - Step 359000/937500 (38.29 %) - Loss: 0.01244 - LR: 5.83e-04 - Time: 19h 46m 53s
2025-08-28 13:46:44 - INFO - Epoch 1 - Step 359200/937500 (38.31 %) - Loss: 0.00930 - LR: 5.83e-04 - Time: 19h 48m 31s
2025-08-28 13:48:22 - INFO - Epoch 1 - Step 359400/937500 (38.34 %) - Loss: 0.00963 - LR: 5.83e-04 - Time: 19h 50m 8s
2025-08-28 13:49:59 - INFO - Epoch 1 - Step 359600/937500 (38.36 %) - Loss: 0.01196 - LR: 5.82e-04 - Time: 19h 51m 45s
2025-08-28 13:51:38 - INFO - Epoch 1 - Step 359800/937500 (38.38 %) - Loss: 0.01315 - LR: 5.82e-04 - Time: 19h 53m 25s
2025-08-28 13:53:14 - INFO - Epoch 1 - Step 360000/937500 (38.4 %) - Loss: 0.00995 - LR: 5.82e-04 - Time: 19h 55m 1s
2025-08-28 13:54:53 - INFO - Epoch 1 - Step 360200/937500 (38.42 %) - Loss: 0.01611 - LR: 5.82e-04 - Time: 19h 56m 40s
2025-08-28 13:56:31 - INFO - Epoch 1 - Step 360400/937500 (38.44 %) - Loss: 0.00759 - LR: 5.81e-04 - Time: 19h 58m 18s
2025-08-28 13:58:09 - INFO - Epoch 1 - Step 360600/937500 (38.46 %) - Loss: 0.01034 - LR: 5.81e-04 - Time: 19h 59m 55s
2025-08-28 13:59:46 - INFO - Epoch 1 - Step 360800/937500 (38.49 %) - Loss: 0.01163 - LR: 5.81e-04 - Time: 20h 1m 33s
2025-08-28 14:01:24 - INFO - Epoch 1 - Step 361000/937500 (38.51 %) - Loss: 0.01128 - LR: 5.81e-04 - Time: 20h 3m 11s
2025-08-28 14:03:02 - INFO - Epoch 1 - Step 361200/937500 (38.53 %) - Loss: 0.01482 - LR: 5.80e-04 - Time: 20h 4m 49s
2025-08-28 14:04:41 - INFO - Epoch 1 - Step 361400/937500 (38.55 %) - Loss: 0.00970 - LR: 5.80e-04 - Time: 20h 6m 27s
2025-08-28 14:06:18 - INFO - Epoch 1 - Step 361600/937500 (38.57 %) - Loss: 0.01163 - LR: 5.80e-04 - Time: 20h 8m 5s
2025-08-28 14:07:56 - INFO - Epoch 1 - Step 361800/937500 (38.59 %) - Loss: 0.01007 - LR: 5.80e-04 - Time: 20h 9m 43s
2025-08-28 14:09:36 - INFO - Epoch 1 - Step 362000/937500 (38.61 %) - Loss: 0.00953 - LR: 5.79e-04 - Time: 20h 11m 22s
2025-08-28 14:11:14 - INFO - Epoch 1 - Step 362200/937500 (38.63 %) - Loss: 0.00968 - LR: 5.79e-04 - Time: 20h 13m 1s
2025-08-28 14:12:51 - INFO - Epoch 1 - Step 362400/937500 (38.66 %) - Loss: 0.01118 - LR: 5.79e-04 - Time: 20h 14m 38s
2025-08-28 14:14:29 - INFO - Epoch 1 - Step 362600/937500 (38.68 %) - Loss: 0.01166 - LR: 5.79e-04 - Time: 20h 16m 15s
2025-08-28 14:16:06 - INFO - Epoch 1 - Step 362800/937500 (38.7 %) - Loss: 0.01219 - LR: 5.78e-04 - Time: 20h 17m 53s
2025-08-28 14:17:45 - INFO - Epoch 1 - Step 363000/937500 (38.72 %) - Loss: 0.01279 - LR: 5.78e-04 - Time: 20h 19m 32s
2025-08-28 14:19:23 - INFO - Epoch 1 - Step 363200/937500 (38.74 %) - Loss: 0.01409 - LR: 5.78e-04 - Time: 20h 21m 10s
2025-08-28 14:21:01 - INFO - Epoch 1 - Step 363400/937500 (38.76 %) - Loss: 0.01366 - LR: 5.78e-04 - Time: 20h 22m 47s
2025-08-28 14:22:39 - INFO - Epoch 1 - Step 363600/937500 (38.78 %) - Loss: 0.01159 - LR: 5.77e-04 - Time: 20h 24m 25s
2025-08-28 14:24:17 - INFO - Epoch 1 - Step 363800/937500 (38.81 %) - Loss: 0.01355 - LR: 5.77e-04 - Time: 20h 26m 3s
2025-08-28 14:25:55 - INFO - Epoch 1 - Step 364000/937500 (38.83 %) - Loss: 0.01103 - LR: 5.77e-04 - Time: 20h 27m 42s
2025-08-28 14:27:34 - INFO - Epoch 1 - Step 364200/937500 (38.85 %) - Loss: 0.01104 - LR: 5.77e-04 - Time: 20h 29m 20s
2025-08-28 14:29:11 - INFO - Epoch 1 - Step 364400/937500 (38.87 %) - Loss: 0.01474 - LR: 5.76e-04 - Time: 20h 30m 57s
2025-08-28 14:30:48 - INFO - Epoch 1 - Step 364600/937500 (38.89 %) - Loss: 0.01467 - LR: 5.76e-04 - Time: 20h 32m 34s
2025-08-28 14:32:26 - INFO - Epoch 1 - Step 364800/937500 (38.91 %) - Loss: 0.01484 - LR: 5.76e-04 - Time: 20h 34m 12s
2025-08-28 14:34:03 - INFO - Epoch 1 - Step 365000/937500 (38.93 %) - Loss: 0.00982 - LR: 5.76e-04 - Time: 20h 35m 50s
2025-08-28 14:35:43 - INFO - Epoch 1 - Step 365200/937500 (38.95 %) - Loss: 0.01344 - LR: 5.75e-04 - Time: 20h 37m 29s
2025-08-28 14:37:20 - INFO - Epoch 1 - Step 365400/937500 (38.98 %) - Loss: 0.01133 - LR: 5.75e-04 - Time: 20h 39m 7s
2025-08-28 14:38:57 - INFO - Epoch 1 - Step 365600/937500 (39.0 %) - Loss: 0.01261 - LR: 5.75e-04 - Time: 20h 40m 43s
2025-08-28 14:40:35 - INFO - Epoch 1 - Step 365800/937500 (39.02 %) - Loss: 0.01288 - LR: 5.75e-04 - Time: 20h 42m 22s
2025-08-28 14:42:13 - INFO - Epoch 1 - Step 366000/937500 (39.04 %) - Loss: 0.01303 - LR: 5.74e-04 - Time: 20h 43m 59s
2025-08-28 14:43:52 - INFO - Epoch 1 - Step 366200/937500 (39.06 %) - Loss: 0.01183 - LR: 5.74e-04 - Time: 20h 45m 39s
2025-08-28 14:45:30 - INFO - Epoch 1 - Step 366400/937500 (39.08 %) - Loss: 0.01123 - LR: 5.74e-04 - Time: 20h 47m 16s
2025-08-28 14:47:08 - INFO - Epoch 1 - Step 366600/937500 (39.1 %) - Loss: 0.01341 - LR: 5.74e-04 - Time: 20h 48m 55s
2025-08-28 14:48:45 - INFO - Epoch 1 - Step 366800/937500 (39.13 %) - Loss: 0.01367 - LR: 5.73e-04 - Time: 20h 50m 32s
2025-08-28 14:50:22 - INFO - Epoch 1 - Step 367000/937500 (39.15 %) - Loss: 0.00906 - LR: 5.73e-04 - Time: 20h 52m 9s
2025-08-28 14:52:01 - INFO - Epoch 1 - Step 367200/937500 (39.17 %) - Loss: 0.01155 - LR: 5.73e-04 - Time: 20h 53m 48s
2025-08-28 14:53:38 - INFO - Epoch 1 - Step 367400/937500 (39.19 %) - Loss: 0.01244 - LR: 5.73e-04 - Time: 20h 55m 25s
2025-08-28 14:55:16 - INFO - Epoch 1 - Step 367600/937500 (39.21 %) - Loss: 0.01044 - LR: 5.72e-04 - Time: 20h 57m 3s
2025-08-28 14:56:54 - INFO - Epoch 1 - Step 367800/937500 (39.23 %) - Loss: 0.01241 - LR: 5.72e-04 - Time: 20h 58m 40s
2025-08-28 14:58:31 - INFO - Epoch 1 - Step 368000/937500 (39.25 %) - Loss: 0.01257 - LR: 5.72e-04 - Time: 21h 0m 18s
2025-08-28 15:00:09 - INFO - Epoch 1 - Step 368200/937500 (39.27 %) - Loss: 0.01299 - LR: 5.72e-04 - Time: 21h 1m 55s
2025-08-28 15:01:49 - INFO - Epoch 1 - Step 368400/937500 (39.3 %) - Loss: 0.01211 - LR: 5.71e-04 - Time: 21h 3m 35s
2025-08-28 15:03:26 - INFO - Epoch 1 - Step 368600/937500 (39.32 %) - Loss: 0.00922 - LR: 5.71e-04 - Time: 21h 5m 13s
2025-08-28 15:05:04 - INFO - Epoch 1 - Step 368800/937500 (39.34 %) - Loss: 0.01202 - LR: 5.71e-04 - Time: 21h 6m 50s
2025-08-28 15:06:41 - INFO - Epoch 1 - Step 369000/937500 (39.36 %) - Loss: 0.00988 - LR: 5.71e-04 - Time: 21h 8m 27s
2025-08-28 15:08:18 - INFO - Epoch 1 - Step 369200/937500 (39.38 %) - Loss: 0.01110 - LR: 5.70e-04 - Time: 21h 10m 5s
2025-08-28 15:09:56 - INFO - Epoch 1 - Step 369400/937500 (39.4 %) - Loss: 0.00979 - LR: 5.70e-04 - Time: 21h 11m 43s
2025-08-28 15:11:34 - INFO - Epoch 1 - Step 369600/937500 (39.42 %) - Loss: 0.01289 - LR: 5.70e-04 - Time: 21h 13m 20s
2025-08-28 15:13:12 - INFO - Epoch 1 - Step 369800/937500 (39.45 %) - Loss: 0.01525 - LR: 5.70e-04 - Time: 21h 14m 58s
2025-08-28 15:14:49 - INFO - Epoch 1 - Step 370000/937500 (39.47 %) - Loss: 0.01232 - LR: 5.69e-04 - Time: 21h 16m 36s
2025-08-28 15:16:27 - INFO - Epoch 1 - Step 370200/937500 (39.49 %) - Loss: 0.01117 - LR: 5.69e-04 - Time: 21h 18m 14s
2025-08-28 15:18:06 - INFO - Epoch 1 - Step 370400/937500 (39.51 %) - Loss: 0.00808 - LR: 5.69e-04 - Time: 21h 19m 52s
